# JRE version: Java(TM) SE Runtime Environment (8.0_111-b14) (build 1.8.0_111-b14)
# Java VM: Java HotSpot(TM) 64-Bit Server VM (25.111-b14 mixed mode windows-amd64 compressed oops)
Heap:
 PSYoungGen      total 274944K, used 176496K [0x00000000eb380000, 0x0000000100000000, 0x0000000100000000)
  eden space 227328K, 63% used [0x00000000eb380000,0x00000000f4162118,0x00000000f9180000)
  from space 47616K, 65% used [0x00000000f9180000,0x00000000faffa0c0,0x00000000fc000000)
  to   space 49152K, 0% used [0x00000000fd000000,0x00000000fd000000,0x0000000100000000)
 ParOldGen       total 168960K, used 114877K [0x00000000c1a00000, 0x00000000cbf00000, 0x00000000eb380000)
  object space 168960K, 67% used [0x00000000c1a00000,0x00000000c8a2f400,0x00000000cbf00000)
 Metaspace       used 36347K, capacity 36751K, committed 36992K, reserved 1081344K
  class space    used 4802K, capacity 4960K, committed 4992K, reserved 1048576K
GC Heap History (10 events):
Event: 21.811 GC heap before
{Heap before GC invocations=29 (full 4):
 PSYoungGen      total 219648K, used 27969K [0x00000000eb380000, 0x00000000fce80000, 0x0000000100000000)
  eden space 188928K, 0% used [0x00000000eb380000,0x00000000eb380000,0x00000000f6c00000)
  from space 30720K, 91% used [0x00000000f6c00000,0x00000000f8750770,0x00000000f8a00000)
  to   space 34816K, 0% used [0x00000000fac80000,0x00000000fac80000,0x00000000fce80000)
 ParOldGen       total 106496K, used 93303K [0x00000000c1a00000, 0x00000000c8200000, 0x00000000eb380000)
  object space 106496K, 87% used [0x00000000c1a00000,0x00000000c751de38,0x00000000c8200000)
 Metaspace       used 28628K, capacity 28902K, committed 29312K, reserved 1075200K
  class space    used 3825K, capacity 3965K, committed 3968K, reserved 1048576K
Event: 22.207 GC heap after
Heap after GC invocations=29 (full 4):
 PSYoungGen      total 219648K, used 14399K [0x00000000eb380000, 0x00000000fce80000, 0x0000000100000000)
  eden space 188928K, 0% used [0x00000000eb380000,0x00000000eb380000,0x00000000f6c00000)
  from space 30720K, 46% used [0x00000000f6c00000,0x00000000f7a0fd30,0x00000000f8a00000)
  to   space 34816K, 0% used [0x00000000fac80000,0x00000000fac80000,0x00000000fce80000)
 ParOldGen       total 168960K, used 99766K [0x00000000c1a00000, 0x00000000cbf00000, 0x00000000eb380000)
  object space 168960K, 59% used [0x00000000c1a00000,0x00000000c7b6dab0,0x00000000cbf00000)
 Metaspace       used 28628K, capacity 28902K, committed 29312K, reserved 1075200K
  class space    used 3825K, capacity 3965K, committed 3968K, reserved 1048576K
}
Event: 26.567 GC heap before
{Heap before GC invocations=30 (full 4):
 PSYoungGen      total 219648K, used 203327K [0x00000000eb380000, 0x00000000fce80000, 0x0000000100000000)
  eden space 188928K, 100% used [0x00000000eb380000,0x00000000f6c00000,0x00000000f6c00000)
  from space 30720K, 46% used [0x00000000f6c00000,0x00000000f7a0fd30,0x00000000f8a00000)
  to   space 34816K, 0% used [0x00000000fac80000,0x00000000fac80000,0x00000000fce80000)
 ParOldGen       total 168960K, used 99766K [0x00000000c1a00000, 0x00000000cbf00000, 0x00000000eb380000)
  object space 168960K, 59% used [0x00000000c1a00000,0x00000000c7b6dab0,0x00000000cbf00000)
 Metaspace       used 31687K, capacity 31977K, committed 32384K, reserved 1077248K
  class space    used 4097K, capacity 4189K, committed 4224K, reserved 1048576K
Event: 26.623 GC heap after
Heap after GC invocations=30 (full 4):
 PSYoungGen      total 234496K, used 20258K [0x00000000eb380000, 0x00000000fc500000, 0x0000000100000000)
  eden space 209408K, 0% used [0x00000000eb380000,0x00000000eb380000,0x00000000f8000000)
  from space 25088K, 80% used [0x00000000fac80000,0x00000000fc048a40,0x00000000fc500000)
  to   space 35328K, 0% used [0x00000000f8000000,0x00000000f8000000,0x00000000fa280000)
 ParOldGen       total 168960K, used 99774K [0x00000000c1a00000, 0x00000000cbf00000, 0x00000000eb380000)
  object space 168960K, 59% used [0x00000000c1a00000,0x00000000c7b6fab0,0x00000000cbf00000)
 Metaspace       used 31687K, capacity 31977K, committed 32384K, reserved 1077248K
  class space    used 4097K, capacity 4189K, committed 4224K, reserved 1048576K
}
Event: 32.154 GC heap before
{Heap before GC invocations=31 (full 4):
 PSYoungGen      total 234496K, used 229666K [0x00000000eb380000, 0x00000000fc500000, 0x0000000100000000)
  eden space 209408K, 100% used [0x00000000eb380000,0x00000000f8000000,0x00000000f8000000)
  from space 25088K, 80% used [0x00000000fac80000,0x00000000fc048a40,0x00000000fc500000)
  to   space 35328K, 0% used [0x00000000f8000000,0x00000000f8000000,0x00000000fa280000)
 ParOldGen       total 168960K, used 99774K [0x00000000c1a00000, 0x00000000cbf00000, 0x00000000eb380000)
  object space 168960K, 59% used [0x00000000c1a00000,0x00000000c7b6fab0,0x00000000cbf00000)
 Metaspace       used 32884K, capacity 33129K, committed 33536K, reserved 1079296K
  class space    used 4241K, capacity 4317K, committed 4352K, reserved 1048576K
Event: 32.194 GC heap after
Heap after GC invocations=31 (full 4):
 PSYoungGen      total 244736K, used 35315K [0x00000000eb380000, 0x00000000fec80000, 0x0000000100000000)
  eden space 209408K, 0% used [0x00000000eb380000,0x00000000eb380000,0x00000000f8000000)
  from space 35328K, 99% used [0x00000000f8000000,0x00000000fa27cf80,0x00000000fa280000)
  to   space 45568K, 0% used [0x00000000fc000000,0x00000000fc000000,0x00000000fec80000)
 ParOldGen       total 168960K, used 111660K [0x00000000c1a00000, 0x00000000cbf00000, 0x00000000eb380000)
  object space 168960K, 66% used [0x00000000c1a00000,0x00000000c870b0a8,0x00000000cbf00000)
 Metaspace       used 32884K, capacity 33129K, committed 33536K, reserved 1079296K
  class space    used 4241K, capacity 4317K, committed 4352K, reserved 1048576K
}
Event: 34.411 GC heap before
{Heap before GC invocations=32 (full 4):
 PSYoungGen      total 244736K, used 244723K [0x00000000eb380000, 0x00000000fec80000, 0x0000000100000000)
  eden space 209408K, 100% used [0x00000000eb380000,0x00000000f8000000,0x00000000f8000000)
  from space 35328K, 99% used [0x00000000f8000000,0x00000000fa27cf80,0x00000000fa280000)
  to   space 45568K, 0% used [0x00000000fc000000,0x00000000fc000000,0x00000000fec80000)
 ParOldGen       total 168960K, used 111660K [0x00000000c1a00000, 0x00000000cbf00000, 0x00000000eb380000)
  object space 168960K, 66% used [0x00000000c1a00000,0x00000000c870b0a8,0x00000000cbf00000)
 Metaspace       used 34962K, capacity 35277K, committed 35712K, reserved 1081344K
  class space    used 4573K, capacity 4693K, committed 4736K, reserved 1048576K
Event: 34.447 GC heap after
Heap after GC invocations=32 (full 4):
 PSYoungGen      total 272896K, used 29505K [0x00000000eb380000, 0x00000000fef80000, 0x0000000100000000)
  eden space 227328K, 0% used [0x00000000eb380000,0x00000000eb380000,0x00000000f9180000)
  from space 45568K, 64% used [0x00000000fc000000,0x00000000fdcd0780,0x00000000fec80000)
  to   space 47616K, 0% used [0x00000000f9180000,0x00000000f9180000,0x00000000fc000000)
 ParOldGen       total 168960K, used 114869K [0x00000000c1a00000, 0x00000000cbf00000, 0x00000000eb380000)
  object space 168960K, 67% used [0x00000000c1a00000,0x00000000c8a2d400,0x00000000cbf00000)
 Metaspace       used 34962K, capacity 35277K, committed 35712K, reserved 1081344K
  class space    used 4573K, capacity 4693K, committed 4736K, reserved 1048576K
}
Event: 46.742 GC heap before
{Heap before GC invocations=33 (full 4):
 PSYoungGen      total 272896K, used 256833K [0x00000000eb380000, 0x00000000fef80000, 0x0000000100000000)
  eden space 227328K, 100% used [0x00000000eb380000,0x00000000f9180000,0x00000000f9180000)
  from space 45568K, 64% used [0x00000000fc000000,0x00000000fdcd0780,0x00000000fec80000)
  to   space 47616K, 0% used [0x00000000f9180000,0x00000000f9180000,0x00000000fc000000)
 ParOldGen       total 168960K, used 114869K [0x00000000c1a00000, 0x00000000cbf00000, 0x00000000eb380000)
  object space 168960K, 67% used [0x00000000c1a00000,0x00000000c8a2d400,0x00000000cbf00000)
 Metaspace       used 35806K, capacity 36233K, committed 36736K, reserved 1081344K
  class space    used 4739K, capacity 4895K, committed 4992K, reserved 1048576K
Event: 46.765 GC heap after
Heap after GC invocations=33 (full 4):
 PSYoungGen      total 274944K, used 31208K [0x00000000eb380000, 0x0000000100000000, 0x0000000100000000)
  eden space 227328K, 0% used [0x00000000eb380000,0x00000000eb380000,0x00000000f9180000)
  from space 47616K, 65% used [0x00000000f9180000,0x00000000faffa0c0,0x00000000fc000000)
  to   space 49152K, 0% used [0x00000000fd000000,0x00000000fd000000,0x0000000100000000)
 ParOldGen       total 168960K, used 114877K [0x00000000c1a00000, 0x00000000cbf00000, 0x00000000eb380000)
  object space 168960K, 67% used [0x00000000c1a00000,0x00000000c8a2f400,0x00000000cbf00000)
 Metaspace       used 35806K, capacity 36233K, committed 36736K, reserved 1081344K
  class space    used 4739K, capacity 4895K, committed 4992K, reserved 1048576K
}

