# JRE version: Java(TM) SE Runtime Environment (8.0_121-b13) (build 1.8.0_121-b13)
# Java VM: Java HotSpot(TM) 64-Bit Server VM (25.121-b13 mixed mode bsd-amd64 compressed oops)
Heap:
 PSYoungGen      total 563712K, used 502007K [0x000000076ab00000, 0x000000079b780000, 0x00000007c0000000)
  eden space 506880K, 99% used [0x000000076ab00000,0x000000078953dc60,0x0000000789a00000)
  from space 56832K, 0% used [0x0000000789a00000,0x0000000789a00000,0x000000078d180000)
  to   space 53760K, 0% used [0x0000000798300000,0x0000000798300000,0x000000079b780000)
 ParOldGen       total 251904K, used 98443K [0x00000006c0000000, 0x00000006cf600000, 0x000000076ab00000)
  object space 251904K, 39% used [0x00000006c0000000,0x00000006c6022e08,0x00000006cf600000)
 Metaspace       used 49110K, capacity 49436K, committed 49880K, reserved 1091584K
  class space    used 7470K, capacity 7584K, committed 7640K, reserved 1048576K
GC Heap History (10 events):
Event: 12.276 GC heap before
{Heap before GC invocations=11 (full 3):
 PSYoungGen      total 219648K, used 219620K [0x000000076ab00000, 0x0000000782800000, 0x00000007c0000000)
  eden space 207360K, 100% used [0x000000076ab00000,0x0000000777580000,0x0000000777580000)
  from space 12288K, 99% used [0x0000000777580000,0x0000000778179258,0x0000000778180000)
  to   space 27136K, 0% used [0x0000000780d80000,0x0000000780d80000,0x0000000782800000)
 ParOldGen       total 117760K, used 33659K [0x00000006c0000000, 0x00000006c7300000, 0x000000076ab00000)
  object space 117760K, 28% used [0x00000006c0000000,0x00000006c20deea8,0x00000006c7300000)
 Metaspace       used 38108K, capacity 38350K, committed 38616K, reserved 1081344K
  class space    used 5688K, capacity 5787K, committed 5848K, reserved 1048576K
Event: 12.307 GC heap after
Heap after GC invocations=11 (full 3):
 PSYoungGen      total 356864K, used 27129K [0x000000076ab00000, 0x0000000783f00000, 0x00000007c0000000)
  eden space 329728K, 0% used [0x000000076ab00000,0x000000076ab00000,0x000000077ed00000)
  from space 27136K, 99% used [0x0000000780d80000,0x00000007827fe430,0x0000000782800000)
  to   space 33280K, 0% used [0x000000077ed00000,0x000000077ed00000,0x0000000780d80000)
 ParOldGen       total 117760K, used 36429K [0x00000006c0000000, 0x00000006c7300000, 0x000000076ab00000)
  object space 117760K, 30% used [0x00000006c0000000,0x00000006c23936c8,0x00000006c7300000)
 Metaspace       used 38108K, capacity 38350K, committed 38616K, reserved 1081344K
  class space    used 5688K, capacity 5787K, committed 5848K, reserved 1048576K
}
Event: 19.550 GC heap before
{Heap before GC invocations=12 (full 3):
 PSYoungGen      total 356864K, used 356857K [0x000000076ab00000, 0x0000000783f00000, 0x00000007c0000000)
  eden space 329728K, 100% used [0x000000076ab00000,0x000000077ed00000,0x000000077ed00000)
  from space 27136K, 99% used [0x0000000780d80000,0x00000007827fe430,0x0000000782800000)
  to   space 33280K, 0% used [0x000000077ed00000,0x000000077ed00000,0x0000000780d80000)
 ParOldGen       total 117760K, used 36429K [0x00000006c0000000, 0x00000006c7300000, 0x000000076ab00000)
  object space 117760K, 30% used [0x00000006c0000000,0x00000006c23936c8,0x00000006c7300000)
 Metaspace       used 40301K, capacity 40572K, committed 40920K, reserved 1083392K
  class space    used 5912K, capacity 6016K, committed 6104K, reserved 1048576K
Event: 19.584 GC heap after
Heap after GC invocations=12 (full 3):
 PSYoungGen      total 363008K, used 33276K [0x000000076ab00000, 0x0000000790900000, 0x00000007c0000000)
  eden space 329728K, 0% used [0x000000076ab00000,0x000000076ab00000,0x000000077ed00000)
  from space 33280K, 99% used [0x000000077ed00000,0x0000000780d7f088,0x0000000780d80000)
  to   space 41984K, 0% used [0x000000078e000000,0x000000078e000000,0x0000000790900000)
 ParOldGen       total 117760K, used 43491K [0x00000006c0000000, 0x00000006c7300000, 0x000000076ab00000)
  object space 117760K, 36% used [0x00000006c0000000,0x00000006c2a78fd8,0x00000006c7300000)
 Metaspace       used 40301K, capacity 40572K, committed 40920K, reserved 1083392K
  class space    used 5912K, capacity 6016K, committed 6104K, reserved 1048576K
}
Event: 20.192 GC heap before
{Heap before GC invocations=13 (full 3):
 PSYoungGen      total 363008K, used 363004K [0x000000076ab00000, 0x0000000790900000, 0x00000007c0000000)
  eden space 329728K, 100% used [0x000000076ab00000,0x000000077ed00000,0x000000077ed00000)
  from space 33280K, 99% used [0x000000077ed00000,0x0000000780d7f088,0x0000000780d80000)
  to   space 41984K, 0% used [0x000000078e000000,0x000000078e000000,0x0000000790900000)
 ParOldGen       total 117760K, used 43491K [0x00000006c0000000, 0x00000006c7300000, 0x000000076ab00000)
  object space 117760K, 36% used [0x00000006c0000000,0x00000006c2a78fd8,0x00000006c7300000)
 Metaspace       used 41212K, capacity 41500K, committed 41816K, reserved 1085440K
  class space    used 6035K, capacity 6112K, committed 6232K, reserved 1048576K
Event: 20.231 GC heap after
Heap after GC invocations=13 (full 3):
 PSYoungGen      total 521728K, used 41976K [0x000000076ab00000, 0x0000000790900000, 0x00000007c0000000)
  eden space 479744K, 0% used [0x000000076ab00000,0x000000076ab00000,0x0000000787f80000)
  from space 41984K, 99% used [0x000000078e000000,0x00000007908fe2c8,0x0000000790900000)
  to   space 56832K, 0% used [0x0000000789a00000,0x0000000789a00000,0x000000078d180000)
 ParOldGen       total 117760K, used 64060K [0x00000006c0000000, 0x00000006c7300000, 0x000000076ab00000)
  object space 117760K, 54% used [0x00000006c0000000,0x00000006c3e8f3d0,0x00000006c7300000)
 Metaspace       used 41212K, capacity 41500K, committed 41816K, reserved 1085440K
  class space    used 6035K, capacity 6112K, committed 6232K, reserved 1048576K
}
Event: 22.699 GC heap before
{Heap before GC invocations=14 (full 3):
 PSYoungGen      total 521728K, used 521720K [0x000000076ab00000, 0x0000000790900000, 0x00000007c0000000)
  eden space 479744K, 100% used [0x000000076ab00000,0x0000000787f80000,0x0000000787f80000)
  from space 41984K, 99% used [0x000000078e000000,0x00000007908fe2c8,0x0000000790900000)
  to   space 56832K, 0% used [0x0000000789a00000,0x0000000789a00000,0x000000078d180000)
 ParOldGen       total 117760K, used 64060K [0x00000006c0000000, 0x00000006c7300000, 0x000000076ab00000)
  object space 117760K, 54% used [0x00000006c0000000,0x00000006c3e8f3d0,0x00000006c7300000)
 Metaspace       used 44414K, capacity 44764K, committed 45272K, reserved 1087488K
  class space    used 6640K, capacity 6752K, committed 6872K, reserved 1048576K
Event: 22.737 GC heap after
Heap after GC invocations=14 (full 3):
 PSYoungGen      total 563712K, used 22945K [0x000000076ab00000, 0x000000079b780000, 0x00000007c0000000)
  eden space 506880K, 0% used [0x000000076ab00000,0x000000076ab00000,0x0000000789a00000)
  from space 56832K, 40% used [0x0000000789a00000,0x000000078b0687c8,0x000000078d180000)
  to   space 53760K, 0% used [0x0000000798300000,0x0000000798300000,0x000000079b780000)
 ParOldGen       total 117760K, used 104824K [0x00000006c0000000, 0x00000006c7300000, 0x000000076ab00000)
  object space 117760K, 89% used [0x00000006c0000000,0x00000006c665e388,0x00000006c7300000)
 Metaspace       used 44414K, capacity 44764K, committed 45272K, reserved 1087488K
  class space    used 6640K, capacity 6752K, committed 6872K, reserved 1048576K
}
Event: 22.737 GC heap before
{Heap before GC invocations=15 (full 4):
 PSYoungGen      total 563712K, used 22945K [0x000000076ab00000, 0x000000079b780000, 0x00000007c0000000)
  eden space 506880K, 0% used [0x000000076ab00000,0x000000076ab00000,0x0000000789a00000)
  from space 56832K, 40% used [0x0000000789a00000,0x000000078b0687c8,0x000000078d180000)
  to   space 53760K, 0% used [0x0000000798300000,0x0000000798300000,0x000000079b780000)
 ParOldGen       total 117760K, used 104824K [0x00000006c0000000, 0x00000006c7300000, 0x000000076ab00000)
  object space 117760K, 89% used [0x00000006c0000000,0x00000006c665e388,0x00000006c7300000)
 Metaspace       used 44414K, capacity 44764K, committed 45272K, reserved 1087488K
  class space    used 6640K, capacity 6752K, committed 6872K, reserved 1048576K
Event: 22.921 GC heap after
Heap after GC invocations=15 (full 4):
 PSYoungGen      total 563712K, used 0K [0x000000076ab00000, 0x000000079b780000, 0x00000007c0000000)
  eden space 506880K, 0% used [0x000000076ab00000,0x000000076ab00000,0x0000000789a00000)
  from space 56832K, 0% used [0x0000000789a00000,0x0000000789a00000,0x000000078d180000)
  to   space 53760K, 0% used [0x0000000798300000,0x0000000798300000,0x000000079b780000)
 ParOldGen       total 251904K, used 98443K [0x00000006c0000000, 0x00000006cf600000, 0x000000076ab00000)
  object space 251904K, 39% used [0x00000006c0000000,0x00000006c6022e08,0x00000006cf600000)
 Metaspace       used 44414K, capacity 44764K, committed 45272K, reserved 1087488K
  class space    used 6640K, capacity 6752K, committed 6872K, reserved 1048576K
}

