# JRE version: Java(TM) SE Runtime Environment (8.0_121-b13) (build 1.8.0_121-b13)
# Java VM: Java HotSpot(TM) 64-Bit Server VM (25.121-b13 mixed mode bsd-amd64 compressed oops)
Heap:
 PSYoungGen      total 619008K, used 246974K [0x000000076ab00000, 0x0000000793f80000, 0x00000007c0000000)
  eden space 563712K, 40% used [0x000000076ab00000,0x0000000778b2cfa0,0x000000078d180000)
  from space 55296K, 31% used [0x0000000790480000,0x0000000791582880,0x0000000793a80000)
  to   space 52224K, 0% used [0x000000078d180000,0x000000078d180000,0x0000000790480000)
 ParOldGen       total 263168K, used 92045K [0x00000006c0000000, 0x00000006d0100000, 0x000000076ab00000)
  object space 263168K, 34% used [0x00000006c0000000,0x00000006c59e3570,0x00000006d0100000)
 Metaspace       used 49068K, capacity 49372K, committed 49624K, reserved 1091584K
  class space    used 7463K, capacity 7584K, committed 7640K, reserved 1048576K
GC Heap History (10 events):
Event: 20.767 GC heap before
{Heap before GC invocations=12 (full 3):
 PSYoungGen      total 325120K, used 325090K [0x000000076ab00000, 0x0000000782800000, 0x00000007c0000000)
  eden space 298496K, 100% used [0x000000076ab00000,0x000000077ce80000,0x000000077ce80000)
  from space 26624K, 99% used [0x000000077ef80000,0x0000000780978848,0x0000000780980000)
  to   space 33792K, 0% used [0x000000077ce80000,0x000000077ce80000,0x000000077ef80000)
 ParOldGen       total 126976K, used 37822K [0x00000006c0000000, 0x00000006c7c00000, 0x000000076ab00000)
  object space 126976K, 29% used [0x00000006c0000000,0x00000006c24ef870,0x00000006c7c00000)
 Metaspace       used 40308K, capacity 40572K, committed 40920K, reserved 1083392K
  class space    used 5911K, capacity 6016K, committed 6104K, reserved 1048576K
Event: 20.804 GC heap after
Heap after GC invocations=12 (full 3):
 PSYoungGen      total 332288K, used 33781K [0x000000076ab00000, 0x000000078bc80000, 0x00000007c0000000)
  eden space 298496K, 0% used [0x000000076ab00000,0x000000076ab00000,0x000000077ce80000)
  from space 33792K, 99% used [0x000000077ce80000,0x000000077ef7d700,0x000000077ef80000)
  to   space 43008K, 0% used [0x0000000789280000,0x0000000789280000,0x000000078bc80000)
 ParOldGen       total 126976K, used 45519K [0x00000006c0000000, 0x00000006c7c00000, 0x000000076ab00000)
  object space 126976K, 35% used [0x00000006c0000000,0x00000006c2c73d98,0x00000006c7c00000)
 Metaspace       used 40308K, capacity 40572K, committed 40920K, reserved 1083392K
  class space    used 5911K, capacity 6016K, committed 6104K, reserved 1048576K
}
Event: 21.905 GC heap before
{Heap before GC invocations=13 (full 3):
 PSYoungGen      total 332288K, used 332277K [0x000000076ab00000, 0x000000078bc80000, 0x00000007c0000000)
  eden space 298496K, 100% used [0x000000076ab00000,0x000000077ce80000,0x000000077ce80000)
  from space 33792K, 99% used [0x000000077ce80000,0x000000077ef7d700,0x000000077ef80000)
  to   space 43008K, 0% used [0x0000000789280000,0x0000000789280000,0x000000078bc80000)
 ParOldGen       total 126976K, used 45519K [0x00000006c0000000, 0x00000006c7c00000, 0x000000076ab00000)
  object space 126976K, 35% used [0x00000006c0000000,0x00000006c2c73d98,0x00000006c7c00000)
 Metaspace       used 41243K, capacity 41500K, committed 41816K, reserved 1085440K
  class space    used 6035K, capacity 6112K, committed 6232K, reserved 1048576K
Event: 21.948 GC heap after
Heap after GC invocations=13 (full 3):
 PSYoungGen      total 452608K, used 42993K [0x000000076ab00000, 0x000000078bc80000, 0x00000007c0000000)
  eden space 409600K, 0% used [0x000000076ab00000,0x000000076ab00000,0x0000000783b00000)
  from space 43008K, 99% used [0x0000000789280000,0x000000078bc7c448,0x000000078bc80000)
  to   space 57856K, 0% used [0x0000000784b80000,0x0000000784b80000,0x0000000788400000)
 ParOldGen       total 126976K, used 66050K [0x00000006c0000000, 0x00000006c7c00000, 0x000000076ab00000)
  object space 126976K, 52% used [0x00000006c0000000,0x00000006c40809d8,0x00000006c7c00000)
 Metaspace       used 41243K, capacity 41500K, committed 41816K, reserved 1085440K
  class space    used 6035K, capacity 6112K, committed 6232K, reserved 1048576K
}
Event: 24.422 GC heap before
{Heap before GC invocations=14 (full 3):
 PSYoungGen      total 452608K, used 452593K [0x000000076ab00000, 0x000000078bc80000, 0x00000007c0000000)
  eden space 409600K, 100% used [0x000000076ab00000,0x0000000783b00000,0x0000000783b00000)
  from space 43008K, 99% used [0x0000000789280000,0x000000078bc7c448,0x000000078bc80000)
  to   space 57856K, 0% used [0x0000000784b80000,0x0000000784b80000,0x0000000788400000)
 ParOldGen       total 126976K, used 66050K [0x00000006c0000000, 0x00000006c7c00000, 0x000000076ab00000)
  object space 126976K, 52% used [0x00000006c0000000,0x00000006c40809d8,0x00000006c7c00000)
 Metaspace       used 43612K, capacity 43868K, committed 44248K, reserved 1087488K
  class space    used 6450K, capacity 6560K, committed 6616K, reserved 1048576K
Event: 24.467 GC heap after
Heap after GC invocations=14 (full 3):
 PSYoungGen      total 484352K, used 15924K [0x000000076ab00000, 0x0000000793a80000, 0x00000007c0000000)
  eden space 426496K, 0% used [0x000000076ab00000,0x000000076ab00000,0x0000000784b80000)
  from space 57856K, 27% used [0x0000000784b80000,0x0000000785b0d178,0x0000000788400000)
  to   space 55296K, 0% used [0x0000000790480000,0x0000000790480000,0x0000000793a80000)
 ParOldGen       total 126976K, used 107176K [0x00000006c0000000, 0x00000006c7c00000, 0x000000076ab00000)
  object space 126976K, 84% used [0x00000006c0000000,0x00000006c68aa1a8,0x00000006c7c00000)
 Metaspace       used 43612K, capacity 43868K, committed 44248K, reserved 1087488K
  class space    used 6450K, capacity 6560K, committed 6616K, reserved 1048576K
}
Event: 24.467 GC heap before
{Heap before GC invocations=15 (full 4):
 PSYoungGen      total 484352K, used 15924K [0x000000076ab00000, 0x0000000793a80000, 0x00000007c0000000)
  eden space 426496K, 0% used [0x000000076ab00000,0x000000076ab00000,0x0000000784b80000)
  from space 57856K, 27% used [0x0000000784b80000,0x0000000785b0d178,0x0000000788400000)
  to   space 55296K, 0% used [0x0000000790480000,0x0000000790480000,0x0000000793a80000)
 ParOldGen       total 126976K, used 107176K [0x00000006c0000000, 0x00000006c7c00000, 0x000000076ab00000)
  object space 126976K, 84% used [0x00000006c0000000,0x00000006c68aa1a8,0x00000006c7c00000)
 Metaspace       used 43612K, capacity 43868K, committed 44248K, reserved 1087488K
  class space    used 6450K, capacity 6560K, committed 6616K, reserved 1048576K
Event: 24.679 GC heap after
Heap after GC invocations=15 (full 4):
 PSYoungGen      total 484352K, used 0K [0x000000076ab00000, 0x0000000793a80000, 0x00000007c0000000)
  eden space 426496K, 0% used [0x000000076ab00000,0x000000076ab00000,0x0000000784b80000)
  from space 57856K, 0% used [0x0000000784b80000,0x0000000784b80000,0x0000000788400000)
  to   space 55296K, 0% used [0x0000000790480000,0x0000000790480000,0x0000000793a80000)
 ParOldGen       total 263168K, used 92045K [0x00000006c0000000, 0x00000006d0100000, 0x000000076ab00000)
  object space 263168K, 34% used [0x00000006c0000000,0x00000006c59e3570,0x00000006d0100000)
 Metaspace       used 43612K, capacity 43868K, committed 44248K, reserved 1087488K
  class space    used 6450K, capacity 6560K, committed 6616K, reserved 1048576K
}
Event: 27.236 GC heap before
{Heap before GC invocations=16 (full 4):
 PSYoungGen      total 484352K, used 426496K [0x000000076ab00000, 0x0000000793a80000, 0x00000007c0000000)
  eden space 426496K, 100% used [0x000000076ab00000,0x0000000784b80000,0x0000000784b80000)
  from space 57856K, 0% used [0x0000000784b80000,0x0000000784b80000,0x0000000788400000)
  to   space 55296K, 0% used [0x0000000790480000,0x0000000790480000,0x0000000793a80000)
 ParOldGen       total 263168K, used 92045K [0x00000006c0000000, 0x00000006d0100000, 0x000000076ab00000)
  object space 263168K, 34% used [0x00000006c0000000,0x00000006c59e3570,0x00000006d0100000)
 Metaspace       used 46971K, capacity 47260K, committed 47576K, reserved 1089536K
  class space    used 7161K, capacity 7264K, committed 7384K, reserved 1048576K
Event: 27.262 GC heap after
Heap after GC invocations=16 (full 4):
 PSYoungGen      total 619008K, used 17418K [0x000000076ab00000, 0x0000000793f80000, 0x00000007c0000000)
  eden space 563712K, 0% used [0x000000076ab00000,0x000000076ab00000,0x000000078d180000)
  from space 55296K, 31% used [0x0000000790480000,0x0000000791582880,0x0000000793a80000)
  to   space 52224K, 0% used [0x000000078d180000,0x000000078d180000,0x0000000790480000)
 ParOldGen       total 263168K, used 92045K [0x00000006c0000000, 0x00000006d0100000, 0x000000076ab00000)
  object space 263168K, 34% used [0x00000006c0000000,0x00000006c59e3570,0x00000006d0100000)
 Metaspace       used 46971K, capacity 47260K, committed 47576K, reserved 1089536K
  class space    used 7161K, capacity 7264K, committed 7384K, reserved 1048576K
}

